<?xml version="1.0"?>
<!DOCTYPE cache-config SYSTEM "cache-config.dtd">

<cache-config>
	<caching-scheme-mapping/>
	<caching-schemes/>
</cache-config>