<?xml version="1.0"?>

<!--
    Copyright 2010 Grid Dynamics Consulting Services, Inc.
    
    Licensed under the Apache License, Version 2.0 (the "License");
    you may not use this file except in compliance with the License.
    You may obtain a copy of the License at
    
        http://www.apache.org/licenses/LICENSE-2.0
    
    Unless required by applicable law or agreed to in writing, software
    distributed under the License is distributed on an "AS IS" BASIS,
    WITHOUT WARRANTIES OR CONDITIONS OF ANY KIND, either express or implied.
    See the License for the specific language governing permissions and
    limitations under the License. 
-->

<!DOCTYPE pof-config SYSTEM "system:/pof-config.dtd">

<pof-config>

    <user-type-list>

<!-- 
        <include>txn-pof-config.xml</include>
 -->
        <include>coherence-pof-config.xml</include>

        <user-type>
            <type-id>1001</type-id>
            <class-name>org.gridkit.coherence.utils.pof.PofExtractorTest$TypeA</class-name>
        </user-type>

        <user-type>
            <type-id>1002</type-id>
            <class-name>org.gridkit.coherence.utils.pof.PofExtractorTest$TypeB</class-name>
            <serializer>
                <class-name>org.gridkit.coherence.utils.pof.ReflectionPofSerializer</class-name>
            </serializer>
        </user-type>

        <user-type>
            <type-id>1003</type-id>
            <class-name>org.gridkit.coherence.utils.pof.PofExtractorTest$TypeC</class-name>
            <serializer>
                <class-name>org.gridkit.coherence.utils.pof.ReflectionPofSerializer</class-name>
            </serializer>
        </user-type>

        <user-type>
            <type-id>1004</type-id>
            <class-name>org.gridkit.coherence.utils.pof.PofExtractorCacheTest$TupleA</class-name>
            <serializer>
                <class-name>org.gridkit.coherence.utils.pof.ReflectionPofSerializer</class-name>
            </serializer>
        </user-type>

        <user-type>
            <type-id>1005</type-id>
            <class-name>org.gridkit.coherence.utils.pof.PofExtractorCacheTest$TupleB</class-name>
            <serializer>
                <class-name>org.gridkit.coherence.utils.pof.ReflectionPofSerializer</class-name>
            </serializer>
        </user-type>

        <user-type>
            <type-id>1006</type-id>
            <class-name>org.gridkit.coherence.utils.pof.PofSerializerComplexObjectTest$Triple</class-name>
            <serializer>
                <class-name>org.gridkit.coherence.utils.pof.ReflectionPofSerializer</class-name>
            </serializer>
        </user-type>

        <user-type>
            <type-id>1007</type-id>
            <class-name>org.gridkit.coherence.utils.pof.PofSerializerComplexObjectTest$ComplexObjectA</class-name>
            <serializer>
                <class-name>org.gridkit.coherence.utils.pof.ReflectionPofSerializer</class-name>
            </serializer>
        </user-type>

        <user-type>
            <type-id>1008</type-id>
            <class-name>org.gridkit.coherence.utils.pof.PofSerializerComplexObjectTest$ComplexObjectB</class-name>
            <serializer>
                <class-name>org.gridkit.coherence.utils.pof.ReflectionPofSerializer</class-name>
            </serializer>
        </user-type>

        <user-type>
            <type-id>1009</type-id>
            <class-name>org.gridkit.coherence.utils.pof.PofSerializerComplexObjectTest$ComplexObjectC</class-name>
            <serializer>
                <class-name>org.gridkit.coherence.utils.pof.ReflectionPofSerializer</class-name>
            </serializer>
        </user-type>

        <user-type>
            <type-id>1010</type-id>
            <class-name>org.gridkit.coherence.utils.pof.PofSerializerComplexObjectTest$ComplexObjectD</class-name>
            <serializer>
                <class-name>org.gridkit.coherence.utils.pof.ReflectionPofSerializer</class-name>
            </serializer>
        </user-type>

        <user-type>
            <type-id>1011</type-id>
            <class-name>org.gridkit.coherence.utils.pof.PofSerializerComplexObjectTest$ComplexObjectE</class-name>
            <serializer>
                <class-name>org.gridkit.coherence.utils.pof.ReflectionPofSerializer</class-name>
            </serializer>
        </user-type>

        <user-type>
            <type-id>1012</type-id>
            <class-name>org.gridkit.coherence.utils.pof.PofSerializerComplexObjectTest$ByteArrayComparator</class-name>
            <serializer>
                <class-name>org.gridkit.coherence.utils.pof.ReflectionPofSerializer</class-name>
            </serializer>
        </user-type>

        <user-type>
            <type-id>1013</type-id>
            <class-name>org.gridkit.coherence.utils.pof.PofMultiExtractor</class-name>
        </user-type>

        <user-type>
            <type-id>2000</type-id>
            <class-name>java.util.ArrayList</class-name>
            <serializer>
                <class-name>org.gridkit.coherence.utils.pof.ReflectionPofSerializer</class-name>
            </serializer>
        </user-type>

        <user-type>
            <type-id>2001</type-id>
            <class-name>java.util.LinkedList</class-name>
            <serializer>
                <class-name>org.gridkit.coherence.utils.pof.ReflectionPofSerializer</class-name>
            </serializer>
        </user-type>

        <user-type>
            <type-id>2002</type-id>
            <class-name>java.util.TreeMap</class-name>
            <serializer>
                <class-name>org.gridkit.coherence.utils.pof.ReflectionPofSerializer</class-name>
            </serializer>
        </user-type>

        <user-type>
            <type-id>2003</type-id>
            <class-name>java.util.HashSet</class-name>
            <serializer>
                <class-name>org.gridkit.coherence.utils.pof.ReflectionPofSerializer</class-name>
            </serializer>
        </user-type>

        <user-type>
            <type-id>2004</type-id>
            <class-name>java.util.TreeSet</class-name>
            <serializer>
                <class-name>org.gridkit.coherence.utils.pof.ReflectionPofSerializer</class-name>
            </serializer>
        </user-type>
 
	</user-type-list>
	
    <allow-interfaces>true</allow-interfaces>
    <allow-subclasses>false</allow-subclasses>
    
    

</pof-config>