<?xml version="1.0"?>

<!--
    Copyright 2010 Grid Dynamics Consulting Services, Inc.
    
    Licensed under the Apache License, Version 2.0 (the "License");
    you may not use this file except in compliance with the License.
    You may obtain a copy of the License at
    
        http://www.apache.org/licenses/LICENSE-2.0
    
    Unless required by applicable law or agreed to in writing, software
    distributed under the License is distributed on an "AS IS" BASIS,
    WITHOUT WARRANTIES OR CONDITIONS OF ANY KIND, either express or implied.
    See the License for the specific language governing permissions and
    limitations under the License. 
-->

<!DOCTYPE pof-config SYSTEM "pof-config.dtd">

<pof-config>

    <user-type-list>

<!-- 
        <include>txn-pof-config.xml</include>
 -->
        <include>coherence-pof-config.xml</include>

        <user-type>
            <type-id>1001</type-id>
            <class-name>com.griddynamics.gridkit.coherence.utils.pof.PofExtractorTest$TypeA</class-name>
            <!-- 
            <serializer>
                <class-name>com.griddynamics.gridkit.coherence.utils.pof.ReflectionPofSerializer</class-name>
            </serializer>
             -->
        </user-type>

        <user-type>
            <type-id>1002</type-id>
            <class-name>com.griddynamics.gridkit.coherence.utils.pof.PofExtractorTest$TypeB</class-name>
            <serializer>
                <class-name>com.griddynamics.gridkit.coherence.utils.pof.ReflectionPofSerializer</class-name>
            </serializer>
        </user-type>

        <user-type>
            <type-id>1003</type-id>
            <class-name>com.griddynamics.gridkit.coherence.utils.pof.PofExtractorTest$TypeC</class-name>
            <serializer>
                <class-name>com.griddynamics.gridkit.coherence.utils.pof.ReflectionPofSerializer</class-name>
            </serializer>
        </user-type>

        <user-type>
            <type-id>2000</type-id>
            <class-name>com.griddynamics.gridkit.coherence.utils.pof.ReflectionPofSerializer$WKO</class-name>
            <serializer>
                <class-name>com.griddynamics.gridkit.coherence.utils.pof.ReflectionPofSerializer</class-name>
            </serializer>
        </user-type>

	</user-type-list>
	
    <allow-interfaces>true</allow-interfaces>
    <allow-subclasses>false</allow-subclasses>

</pof-config>