<?xml version="1.0"?>

<!--
    Licensed under the Apache License, Version 2.0 (the "License");
    you may not use this file except in compliance with the License.
    You may obtain a copy of the License at
    
        http://www.apache.org/licenses/LICENSE-2.0
    
    Unless required by applicable law or agreed to in writing, software
    distributed under the License is distributed on an "AS IS" BASIS,
    WITHOUT WARRANTIES OR CONDITIONS OF ANY KIND, either express or implied.
    See the License for the specific language governing permissions and
    limitations under the License. 
-->

<!DOCTYPE pof-config SYSTEM "pof-config.dtd">

<pof-config>

    <user-type-list>

        <!-- Include definitions required by Coherence -->
        <include>coherence-pof-config.xml</include>

        <!--
            You should declare type ID for each thrift class you are going to use in Coherence
        -->
        <user-type>
            <type-id>1000</type-id>
            <class-name>org.gridkit.sample.MyObject</class-name>
            <serializer>
                <class-name>org.gridkit.coherence.utils.thift.ThriftPofSerializer</class-name>
            </serializer>
        </user-type>

        ...

        <!-- Usual POF declarion for application non-thrift classes -->

        <user-type>
            <type-id>1100</type-id>
            <class-name>org.gridkit.coherence.sample.SampleEntryProcessor</class-name>
        </user-type>
           
    </user-type-list>
        
</pof-config>